0 info it worked if it ends with ok
1 verbose cli [ '/usr/local/bin/node',
1 verbose cli   '/usr/local/bin/npm',
1 verbose cli   'run',
1 verbose cli   'start:android' ]
2 info using npm@3.8.3
3 info using node@v5.10.1
4 verbose run-script [ 'prestart:android', 'start:android', 'poststart:android' ]
5 info lifecycle Groceries@1.0.0~prestart:android: Groceries@1.0.0
6 silly lifecycle Groceries@1.0.0~prestart:android: no script for prestart:android, continuing
7 info lifecycle Groceries@1.0.0~start:android: Groceries@1.0.0
8 verbose lifecycle Groceries@1.0.0~start:android: unsafe-perm in lifecycle true
9 verbose lifecycle Groceries@1.0.0~start:android: PATH: /usr/local/lib/node_modules/npm/bin/node-gyp-bin:/Users/redge/Projects/Git/sample-Groceries/node_modules/.bin:/usr/local/bin:/usr/local/bin:/usr/bin:/bin:/usr/sbin:/sbin:/Users/redge/Library/Android/sdk/tools:/Users/redge/Library/Android/sdk/platform-tools:/usr/local/bin
10 verbose lifecycle Groceries@1.0.0~start:android: CWD: /Users/redge/Projects/Git/sample-Groceries
11 silly lifecycle Groceries@1.0.0~start:android: Args: [ '-c', 'tns livesync android --emulator --watch' ]
12 info lifecycle Groceries@1.0.0~start:android: Failed to exec start:android script
13 verbose stack Error: Groceries@1.0.0 start:android: `tns livesync android --emulator --watch`
13 verbose stack spawn ENOENT
13 verbose stack     at ChildProcess.<anonymous> (/usr/local/lib/node_modules/npm/lib/utils/spawn.js:17:16)
13 verbose stack     at emitTwo (events.js:100:13)
13 verbose stack     at ChildProcess.emit (events.js:185:7)
13 verbose stack     at maybeClose (internal/child_process.js:850:16)
13 verbose stack     at Process.ChildProcess._handle.onexit (internal/child_process.js:215:5)
14 verbose pkgid Groceries@1.0.0
15 verbose cwd /Users/redge/Projects/Git/sample-Groceries
16 error Darwin 15.4.0
17 error argv "/usr/local/bin/node" "/usr/local/bin/npm" "run" "start:android"
18 error node v5.10.1
19 error npm  v3.8.3
20 error file sh
21 error code ELIFECYCLE
22 error errno ENOENT
23 error syscall spawn
24 error Groceries@1.0.0 start:android: `tns livesync android --emulator --watch`
24 error spawn ENOENT
25 error Failed at the Groceries@1.0.0 start:android script 'tns livesync android --emulator --watch'.
25 error Make sure you have the latest version of node.js and npm installed.
25 error If you do, this is most likely a problem with the Groceries package,
25 error not with npm itself.
25 error Tell the author that this fails on your system:
25 error     tns livesync android --emulator --watch
25 error You can get information on how to open an issue for this project with:
25 error     npm bugs Groceries
25 error Or if that isn't available, you can get their info via:
25 error     npm owner ls Groceries
25 error There is likely additional logging output above.
26 verbose exit [ 1, true ]
